2022-01-29 12:27:57,762 - CRITICAL - client_log_config.py - Критическая ошибка
2022-01-29 12:27:57,763 - ERROR - client_log_config.py - Ошибка
2022-01-29 12:27:57,763 - WARNING - client_log_config.py - Предупреждение!
2022-01-29 12:27:57,763 - DEBUG - client_log_config.py - Отладочная информация
2022-01-29 12:27:57,764 - INFO - client_log_config.py - Замечательный день для релиза!
2022-01-29 12:28:20,088 - CRITICAL - client_log_config.py - Критическая ошибка
2022-01-29 12:28:20,088 - ERROR - client_log_config.py - Ошибка
2022-01-29 12:28:20,089 - WARNING - client_log_config.py - Предупреждение!
2022-01-29 12:28:20,089 - DEBUG - client_log_config.py - Отладочная информация
2022-01-29 12:28:20,089 - INFO - client_log_config.py - Замечательный день для релиза!
2022-01-29 12:28:48,846 - CRITICAL - client_log_config.py - Критическая ошибка
2022-01-29 12:28:48,846 - ERROR - client_log_config.py - Ошибка
2022-01-29 12:28:48,847 - WARNING - client_log_config.py - Предупреждение!
2022-01-29 12:28:48,847 - DEBUG - client_log_config.py - Отладочная информация
2022-01-29 12:28:48,847 - INFO - client_log_config.py - Замечательный день для релиза!
2022-01-29 12:30:24,224 - CRITICAL - client_log_config.py - Критическая ошибка
2022-01-29 12:30:24,224 - ERROR - client_log_config.py - Ошибка
2022-01-29 12:30:24,225 - WARNING - client_log_config.py - Предупреждение!
2022-01-29 12:30:24,225 - DEBUG - client_log_config.py - Отладочная информация
2022-01-29 12:30:24,225 - INFO - client_log_config.py - Замечательный день для релиза!
2022-01-29 12:33:28,816 - CRITICAL - client_log_config.py - Критическая ошибка
2022-01-29 12:33:28,817 - ERROR - client_log_config.py - Ошибка
2022-01-29 12:33:28,817 - WARNING - client_log_config.py - Предупреждение!
2022-01-29 12:33:28,817 - DEBUG - client_log_config.py - Отладочная информация
2022-01-29 12:33:28,817 - INFO - client_log_config.py - Замечательный день для релиза!
2022-01-29 12:35:27,740 - CRITICAL - client_log_config.py - Критическая ошибка
2022-01-29 12:35:27,740 - ERROR - client_log_config.py - Ошибка
2022-01-29 12:35:27,740 - WARNING - client_log_config.py - Предупреждение!
2022-01-29 12:35:27,740 - DEBUG - client_log_config.py - Отладочная информация
2022-01-29 12:35:27,740 - INFO - client_log_config.py - Замечательный день для релиза!
2022-01-29 15:24:07,854 - INFO - client.py - Запущен клиент с парамертами: адрес сервера: 127.0.0.1, порт: 7777
2022-01-29 15:24:46,513 - INFO - client.py - Запущен клиент с парамертами: адрес сервера: 127.0.0.1, порт: 7777
2022-01-29 15:24:46,515 - DEBUG - client.py - Сформировано presence сообщение для пользователя Guest
2022-01-29 15:24:46,516 - INFO - client.py - Принят ответ от сервера 200 : OK
2022-01-29 15:31:32,023 - INFO - client.py - Запущен клиент с парамертами: адрес сервера: 127.0.0.1, порт: 7777
2022-01-29 15:31:32,025 - DEBUG - client.py - Сформировано presence сообщение для пользователя Guest
2022-01-29 15:32:55,711 - INFO - client.py - Запущен клиент с парамертами: адрес сервера: 127.0.0.1, порт: 7777
2022-01-29 15:32:55,712 - DEBUG - client.py - Сформировано presence сообщение для пользователя Guest
2022-01-29 15:33:19,186 - INFO - client.py - Запущен клиент с парамертами: адрес сервера: 127.0.0.1, порт: 7777
2022-01-29 15:33:19,187 - DEBUG - client.py - Сформировано presence сообщение для пользователя Guest
2022-01-29 15:33:19,188 - INFO - client.py - Принят ответ от сервера 200 : OK
2022-01-29 15:35:51,589 - DEBUG - client.py - Сформировано presence сообщение для пользователя Guest
2022-01-29 15:36:45,483 - DEBUG - client.py - Сформировано presence сообщение для пользователя Guest
2022-01-29 15:42:16,872 - DEBUG - client.py - Сформировано presence сообщение для пользователя Guest
2022-01-29 15:45:36,938 - INFO - client.py - Запущен клиент с парамертами: адрес сервера: 127.0.0.1, порт: 7777
2022-01-29 15:45:36,939 - DEBUG - client.py - Сформировано presence сообщение для пользователя Guest
2022-01-29 15:45:36,939 - INFO - client.py - Принят ответ от сервера 200 : OK
